<?xml version="1.0" encoding="UTF-8"?>
<testsuite name="com.horsenma.yourtv.playback.core.PlaybackEvidenceTest" tests="3" skipped="0" failures="0" errors="0" timestamp="2026-09-16T01:43:09" hostname="PETER" time="0.002">
  <properties/>
  <testcase name="offlineOrPausedPlaybackDoesNotSpendFirstFrameRetries" classname="com.horsenma.yourtv.playback.core.PlaybackEvidenceTest" time="0.001"/>
  <testcase name="advancingAudioWithoutVideoFrameStillTimesOut" classname="com.horsenma.yourtv.playback.core.PlaybackEvidenceTest" time="0.0"/>
  <testcase name="delayedFramesCannotConfirmRapidABASelection" classname="com.horsenma.yourtv.playback.core.PlaybackEvidenceTest" time="0.001"/>
  <system-out><![CDATA[]]></system-out>
  <system-err><![CDATA[]]></system-err>
</testsuite>
