<?xml version="1.0" encoding="UTF-8"?>
<testsuite name="com.horsenma.yourtv.models.ChannelNavigationTest" tests="7" skipped="0" failures="0" errors="0" timestamp="2026-09-16T01:43:09" hostname="PETER" time="0.002">
  <properties/>
  <testcase name="missingNumbersUseReadableSequence" classname="com.horsenma.yourtv.models.ChannelNavigationTest" time="0.002"/>
  <testcase name="oppositeKeysReturnToSameLine" classname="com.horsenma.yourtv.models.ChannelNavigationTest" time="0.0"/>
  <testcase name="explicitNumbersAreReservedBeforeFallbackAllocation" classname="com.horsenma.yourtv.models.ChannelNavigationTest" time="0.0"/>
  <testcase name="rightFromLastLineWrapsToFirst" classname="com.horsenma.yourtv.models.ChannelNavigationTest" time="0.0"/>
  <testcase name="leftFromFirstLineWrapsToLast" classname="com.horsenma.yourtv.models.ChannelNavigationTest" time="0.0"/>
  <testcase name="duplicateOrInvalidNumbersDoNotCreateAmbiguousDialTargets" classname="com.horsenma.yourtv.models.ChannelNavigationTest" time="0.0"/>
  <testcase name="noAlternativeDoesNotCreateAnAttempt" classname="com.horsenma.yourtv.models.ChannelNavigationTest" time="0.0"/>
  <system-out><![CDATA[]]></system-out>
  <system-err><![CDATA[]]></system-err>
</testsuite>
